[0.027s] Invoking command in '/home/dbm/urdf_example/build/urdf_example': CMAKE_PREFIX_PATH=${CMAKE_PREFIX_PATH}:/opt/ros/foxy /usr/bin/cmake /home/dbm/urdf_example -DAMENT_CMAKE_SYMLINK_INSTALL=1 -DCMAKE_INSTALL_PREFIX=/home/dbm/urdf_example/install/urdf_example
[0.255s] -- The C compiler identification is GNU 9.4.0
[0.318s] -- The CXX compiler identification is GNU 9.4.0
[0.322s] -- Check for working C compiler: /usr/lib/ccache/cc
[0.442s] -- Check for working C compiler: /usr/lib/ccache/cc -- works
[0.443s] -- Detecting C compiler ABI info
[0.503s] -- Detecting C compiler ABI info - done
[0.515s] -- Detecting C compile features
[0.515s] -- Detecting C compile features - done
[0.518s] -- Check for working CXX compiler: /usr/lib/ccache/c++
[0.626s] -- Check for working CXX compiler: /usr/lib/ccache/c++ -- works
[0.627s] -- Detecting CXX compiler ABI info
[0.693s] -- Detecting CXX compiler ABI info - done
[0.706s] -- Detecting CXX compile features
[0.706s] -- Detecting CXX compile features - done
[0.708s] -- Found ament_cmake: 0.9.11 (/opt/ros/foxy/share/ament_cmake/cmake)
[0.734s] -- Found PythonInterp: /usr/bin/python3 (found suitable version "3.8.10", minimum required is "3") 
[0.734s] -- Using PYTHON_EXECUTABLE: /usr/bin/python3
[1.049s] -- Override CMake install command with custom implementation using symlinks instead of copying resources
[1.085s] -- Found ament_lint_auto: 0.9.7 (/opt/ros/foxy/share/ament_lint_auto/cmake)
[1.185s] -- Added test 'copyright' to check source files copyright and LICENSE
[1.191s] -- Added test 'cppcheck' to perform static code analysis on C / C++ code
[1.191s] -- Configured cppcheck include dirs: 
[1.192s] -- Configured cppcheck exclude dirs and/or files: 
[1.198s] -- Added test 'cpplint' to check C / C++ code against the Google style
[1.198s] -- Configured cpplint exclude dirs and/or files: 
[1.199s] -- Added test 'flake8' to check Python code syntax and style conventions
[1.201s] -- Added test 'lint_cmake' to check CMake code style
[1.202s] -- Added test 'pep257' to check Python code against some of the style conventions in PEP 257
[1.209s] -- Added test 'uncrustify' to check C / C++ code style
[1.209s] -- Configured uncrustify additional arguments: 
[1.210s] -- Added test 'xmllint' to check XML markup files
[1.212s] -- Configuring done
[1.213s] -- Generating done
[1.214s] -- Build files have been written to: /home/dbm/urdf_example/build/urdf_example
[1.218s] Invoked command in '/home/dbm/urdf_example/build/urdf_example' returned '0': CMAKE_PREFIX_PATH=${CMAKE_PREFIX_PATH}:/opt/ros/foxy /usr/bin/cmake /home/dbm/urdf_example -DAMENT_CMAKE_SYMLINK_INSTALL=1 -DCMAKE_INSTALL_PREFIX=/home/dbm/urdf_example/install/urdf_example
[1.220s] Invoking command in '/home/dbm/urdf_example/build/urdf_example': CMAKE_PREFIX_PATH=${CMAKE_PREFIX_PATH}:/opt/ros/foxy /usr/bin/cmake --build /home/dbm/urdf_example/build/urdf_example -- -j8 -l8
[1.264s] Invoked command in '/home/dbm/urdf_example/build/urdf_example' returned '0': CMAKE_PREFIX_PATH=${CMAKE_PREFIX_PATH}:/opt/ros/foxy /usr/bin/cmake --build /home/dbm/urdf_example/build/urdf_example -- -j8 -l8
[1.300s] Invoking command in '/home/dbm/urdf_example/build/urdf_example': CMAKE_PREFIX_PATH=${CMAKE_PREFIX_PATH}:/opt/ros/foxy /usr/bin/cmake --install /home/dbm/urdf_example/build/urdf_example
[1.307s] -- Install configuration: ""
[1.308s] -- Execute custom install script
[1.308s] -- Symlinking: /home/dbm/urdf_example/install/urdf_example/share/urdf_example/description/example_gazebo.xacro
[1.316s] -- Symlinking: /home/dbm/urdf_example/install/urdf_example/share/urdf_example/description/example_include.xacro
[1.328s] -- Symlinking: /home/dbm/urdf_example/install/urdf_example/share/urdf_example/description/example_robot.urdf.xacro
[1.337s] -- Symlinking: /home/dbm/urdf_example/install/urdf_example/share/urdf_example/launch/rsp.launch.py
[1.346s] -- Symlinking: /home/dbm/urdf_example/install/urdf_example/share/urdf_example/launch/rsp_sim.launch.py
[1.357s] -- Symlinking: /home/dbm/urdf_example/install/urdf_example/share/urdf_example/worlds/test_world.world
[1.368s] -- Symlinking: /home/dbm/urdf_example/install/urdf_example/share/ament_index/resource_index/package_run_dependencies/urdf_example
[1.378s] -- Symlinking: /home/dbm/urdf_example/install/urdf_example/share/ament_index/resource_index/parent_prefix_path/urdf_example
[1.388s] -- Symlinking: /home/dbm/urdf_example/install/urdf_example/share/urdf_example/environment/ament_prefix_path.sh
[1.398s] -- Symlinking: /home/dbm/urdf_example/install/urdf_example/share/urdf_example/environment/ament_prefix_path.dsv
[1.409s] -- Symlinking: /home/dbm/urdf_example/install/urdf_example/share/urdf_example/environment/path.sh
[1.417s] -- Symlinking: /home/dbm/urdf_example/install/urdf_example/share/urdf_example/environment/path.dsv
[1.427s] -- Symlinking: /home/dbm/urdf_example/install/urdf_example/share/urdf_example/local_setup.bash
[1.439s] -- Symlinking: /home/dbm/urdf_example/install/urdf_example/share/urdf_example/local_setup.sh
[1.447s] -- Symlinking: /home/dbm/urdf_example/install/urdf_example/share/urdf_example/local_setup.zsh
[1.459s] -- Symlinking: /home/dbm/urdf_example/install/urdf_example/share/urdf_example/local_setup.dsv
[1.469s] -- Symlinking: /home/dbm/urdf_example/install/urdf_example/share/urdf_example/package.dsv
[1.478s] -- Symlinking: /home/dbm/urdf_example/install/urdf_example/share/ament_index/resource_index/packages/urdf_example
[1.488s] -- Symlinking: /home/dbm/urdf_example/install/urdf_example/share/urdf_example/cmake/urdf_exampleConfig.cmake
[1.497s] -- Symlinking: /home/dbm/urdf_example/install/urdf_example/share/urdf_example/cmake/urdf_exampleConfig-version.cmake
[1.507s] -- Symlinking: /home/dbm/urdf_example/install/urdf_example/share/urdf_example/package.xml
[1.522s] Invoked command in '/home/dbm/urdf_example/build/urdf_example' returned '0': CMAKE_PREFIX_PATH=${CMAKE_PREFIX_PATH}:/opt/ros/foxy /usr/bin/cmake --install /home/dbm/urdf_example/build/urdf_example
